[debug] [2022-07-15T11:32:19.473Z] ----------------------------------------------------------------------
[debug] [2022-07-15T11:32:19.475Z] Command:       C:\Program Files\nodejs\node.exe C:\Users\bough\AppData\Roaming\npm\node_modules\firebase-tools\lib\bin\firebase.js login
[debug] [2022-07-15T11:32:19.475Z] CLI Version:   11.2.2
[debug] [2022-07-15T11:32:19.475Z] Platform:      win32
[debug] [2022-07-15T11:32:19.475Z] Node Version:  v16.14.2
[debug] [2022-07-15T11:32:19.476Z] Time:          Fri Jul 15 2022 12:32:19 GMT+0100 (heure normale d’Europe centrale)
[debug] [2022-07-15T11:32:19.476Z] ----------------------------------------------------------------------
[debug] 
[info] i  Firebase optionally collects CLI usage and error reporting information to help improve our products. Data is collected in accordance with Google's privacy policy (https://policies.google.com/privacy) and is not used to identify you.
 
[info] i  To change your data collection preference at any time, run `firebase logout` and log in again. 
[info] 
[info] Visit this URL on this device to log in:
[info] https://accounts.google.com/o/oauth2/auth?client_id=563584335869-fgrhgmd47bqnekij5i8b5pr03ho849e6.apps.googleusercontent.com&scope=email%20openid%20https%3A%2F%2Fwww.googleapis.com%2Fauth%2Fcloudplatformprojects.readonly%20https%3A%2F%2Fwww.googleapis.com%2Fauth%2Ffirebase%20https%3A%2F%2Fwww.googleapis.com%2Fauth%2Fcloud-platform&response_type=code&state=96355487&redirect_uri=http%3A%2F%2Flocalhost%3A9005
[info] 
[info] Waiting for authentication...
[debug] [2022-07-15T11:32:25.976Z] Error: spawn cmd ENOENT
    at Process.ChildProcess._handle.onexit (node:internal/child_process:283:19)
    at onErrorNT (node:internal/child_process:478:16)
    at processTicksAndRejections (node:internal/process/task_queues:83:21)
[error] 
[error] Error: An unexpected error has occurred.
